<?xml version="1.0" encoding="UTF-8"?>
<!-- Generated by org.testng.reporters.JUnitXMLReporter -->
<testsuite ignored="0" hostname="DESKTOP-PRQ128L" failures="1" tests="59" name="UrlTest" time="5708.306" errors="0" timestamp="2020-03-31T19:22:00 IST">
  <testcase classname="test.CarNbike.TestSuite.UrlTestBrokenlinks2" name="@AfterTest teardown" time="0.018">
    <failure type="org.openqa.selenium.NoSuchSessionException" message="Session ID is null. Using WebDriver after calling quit()?
Build info: version: &amp;apos;3.141.59&amp;apos;, revision: &amp;apos;e82be7d358&amp;apos;, time: &amp;apos;2018-11-14T08:25:53&amp;apos;
System info: host: &amp;apos;DESKTOP-PRQ128L&amp;apos;, ip: &amp;apos;192.168.0.7&amp;apos;, os.name: &amp;apos;Windows 10&amp;apos;, os.arch: &amp;apos;amd64&amp;apos;, os.version: &amp;apos;10.0&amp;apos;, java.version: &amp;apos;12&amp;apos;
Driver info: driver.version: RemoteWebDriver">
      <![CDATA[org.openqa.selenium.NoSuchSessionException: Session ID is null. Using WebDriver after calling quit()?
Build info: version: '3.141.59', revision: 'e82be7d358', time: '2018-11-14T08:25:53'
System info: host: 'DESKTOP-PRQ128L', ip: '192.168.0.7', os.name: 'Windows 10', os.arch: 'amd64', os.version: '10.0', java.version: '12'
Driver info: driver.version: RemoteWebDriver
at org.openqa.selenium.remote.HttpCommandExecutor.execute(HttpCommandExecutor.java:125)
at org.openqa.selenium.remote.service.DriverCommandExecutor.execute(DriverCommandExecutor.java:83)
at org.openqa.selenium.remote.RemoteWebDriver.execute(RemoteWebDriver.java:552)
at org.openqa.selenium.remote.RemoteWebDriver.execute(RemoteWebDriver.java:609)
at org.openqa.selenium.remote.RemoteWebDriver.close(RemoteWebDriver.java:442)
at test.CarNbike.TestSuite.UrlTestBrokenlinks2.teardown(UrlTestBrokenlinks2.java:74)
... Removed 24 stack frames]]>
    </failure>
  </testcase> <!-- @AfterTest teardown -->
  <testcase classname="test.CarNbike.TestSuite.UrlTestBrokenlinks3" name="@AfterTest teardown" time="-1.585662720517E9">
    <skipped/>
  </testcase> <!-- @AfterTest teardown -->
  <testcase classname="test.CarNbike.TestSuite.UrlTestBrokenlinks4" name="@AfterTest teardown" time="-1.585662720518E9">
    <skipped/>
  </testcase> <!-- @AfterTest teardown -->
  <testcase classname="test.CarNbike.TestSuite.UrlTestBrokenlinks5" name="@AfterTest teardown" time="-1.585662720519E9">
    <skipped/>
  </testcase> <!-- @AfterTest teardown -->
  <testcase classname="test.CarNbike.TestSuite.UrlTestBrokenlinks6" name="@AfterTest teardown" time="-1.585662720519E9">
    <skipped/>
  </testcase> <!-- @AfterTest teardown -->
  <testcase classname="test.CarNbike.TestSuite.UrlTestBrokenlinks1" name="code" time="111.082"/>
  <testcase classname="test.CarNbike.TestSuite.UrlTestBrokenlinks1" name="code" time="90.247"/>
  <testcase classname="test.CarNbike.TestSuite.UrlTestBrokenlinks1" name="code" time="55.938"/>
  <testcase classname="test.CarNbike.TestSuite.UrlTestBrokenlinks1" name="code" time="94.484"/>
  <testcase classname="test.CarNbike.TestSuite.UrlTestBrokenlinks1" name="code" time="86.158"/>
  <testcase classname="test.CarNbike.TestSuite.UrlTestBrokenlinks1" name="code" time="88.054"/>
  <testcase classname="test.CarNbike.TestSuite.UrlTestBrokenlinks1" name="code" time="74.838"/>
  <testcase classname="test.CarNbike.TestSuite.UrlTestBrokenlinks1" name="code" time="74.759"/>
  <testcase classname="test.CarNbike.TestSuite.UrlTestBrokenlinks1" name="code" time="81.232"/>
  <testcase classname="test.CarNbike.TestSuite.UrlTestBrokenlinks1" name="code" time="110.05"/>
  <testcase classname="test.CarNbike.TestSuite.UrlTestBrokenlinks1" name="code" time="115.418"/>
  <testcase classname="test.CarNbike.TestSuite.UrlTestBrokenlinks1" name="code" time="73.58"/>
  <testcase classname="test.CarNbike.TestSuite.UrlTestBrokenlinks2" name="code" time="156.605"/>
  <testcase classname="test.CarNbike.TestSuite.UrlTestBrokenlinks2" name="code" time="83.327"/>
  <testcase classname="test.CarNbike.TestSuite.UrlTestBrokenlinks2" name="code" time="94.921"/>
  <testcase classname="test.CarNbike.TestSuite.UrlTestBrokenlinks2" name="code" time="36.217"/>
  <testcase classname="test.CarNbike.TestSuite.UrlTestBrokenlinks2" name="code" time="90.022"/>
  <testcase classname="test.CarNbike.TestSuite.UrlTestBrokenlinks2" name="code" time="118.587"/>
  <testcase classname="test.CarNbike.TestSuite.UrlTestBrokenlinks2" name="code" time="85.734"/>
  <testcase classname="test.CarNbike.TestSuite.UrlTestBrokenlinks2" name="code" time="119.987"/>
  <testcase classname="test.CarNbike.TestSuite.UrlTestBrokenlinks2" name="code" time="92.373"/>
  <testcase classname="test.CarNbike.TestSuite.UrlTestBrokenlinks2" name="code" time="68.801"/>
  <testcase classname="test.CarNbike.TestSuite.UrlTestBrokenlinks2" name="code" time="66.517"/>
  <testcase classname="test.CarNbike.TestSuite.UrlTestBrokenlinks2" name="code" time="116.357"/>
  <testcase classname="test.CarNbike.TestSuite.UrlTestBrokenlinks2" name="code" time="106.297"/>
  <testcase classname="test.CarNbike.TestSuite.UrlTestBrokenlinks2" name="code" time="87.297"/>
  <testcase classname="test.CarNbike.TestSuite.UrlTestBrokenlinks3" name="code" time="137.478"/>
  <testcase classname="test.CarNbike.TestSuite.UrlTestBrokenlinks3" name="code" time="113.057"/>
  <testcase classname="test.CarNbike.TestSuite.UrlTestBrokenlinks3" name="code" time="55.589"/>
  <testcase classname="test.CarNbike.TestSuite.UrlTestBrokenlinks3" name="code" time="96.539"/>
  <testcase classname="test.CarNbike.TestSuite.UrlTestBrokenlinks3" name="code" time="34.409"/>
  <testcase classname="test.CarNbike.TestSuite.UrlTestBrokenlinks3" name="code" time="130.675"/>
  <testcase classname="test.CarNbike.TestSuite.UrlTestBrokenlinks3" name="code" time="46.233"/>
  <testcase classname="test.CarNbike.TestSuite.UrlTestBrokenlinks3" name="code" time="50.132"/>
  <testcase classname="test.CarNbike.TestSuite.UrlTestBrokenlinks3" name="code" time="113.646"/>
  <testcase classname="test.CarNbike.TestSuite.UrlTestBrokenlinks3" name="code" time="83.226"/>
  <testcase classname="test.CarNbike.TestSuite.UrlTestBrokenlinks3" name="code" time="79.682"/>
  <testcase classname="test.CarNbike.TestSuite.UrlTestBrokenlinks3" name="code" time="106.41"/>
  <testcase classname="test.CarNbike.TestSuite.UrlTestBrokenlinks3" name="code" time="416.003"/>
  <testcase classname="test.CarNbike.TestSuite.UrlTestBrokenlinks3" name="code" time="374.952"/>
  <testcase classname="test.CarNbike.TestSuite.UrlTestBrokenlinks4" name="code" time="54.059"/>
  <testcase classname="test.CarNbike.TestSuite.UrlTestBrokenlinks4" name="code" time="39.597"/>
  <testcase classname="test.CarNbike.TestSuite.UrlTestBrokenlinks4" name="code" time="106.54"/>
  <testcase classname="test.CarNbike.TestSuite.UrlTestBrokenlinks4" name="code" time="74.943"/>
  <testcase classname="test.CarNbike.TestSuite.UrlTestBrokenlinks4" name="code" time="91.546"/>
  <testcase classname="test.CarNbike.TestSuite.UrlTestBrokenlinks4" name="code" time="67.51"/>
  <testcase classname="test.CarNbike.TestSuite.UrlTestBrokenlinks4" name="code" time="88.239"/>
  <testcase classname="test.CarNbike.TestSuite.UrlTestBrokenlinks4" name="code" time="150.574"/>
  <testcase classname="test.CarNbike.TestSuite.UrlTestBrokenlinks4" name="code" time="77.805"/>
  <testcase classname="test.CarNbike.TestSuite.UrlTestBrokenlinks4" name="code" time="56.907"/>
  <testcase classname="test.CarNbike.TestSuite.UrlTestBrokenlinks4" name="code" time="56.08"/>
  <testcase classname="test.CarNbike.TestSuite.UrlTestBrokenlinks4" name="code" time="93.322"/>
  <testcase classname="test.CarNbike.TestSuite.UrlTestBrokenlinks4" name="code" time="81.126"/>
  <testcase classname="test.CarNbike.TestSuite.UrlTestBrokenlinks4" name="code" time="62.273"/>
  <testcase classname="test.CarNbike.TestSuite.UrlTestBrokenlinks5" name="code" time="0.0">
    <failure type="org.testng.TestNGException" message="
Method public void test.CarNbike.TestSuite.UrlTestBrokenlinks5.code(java.lang.String) throws java.lang.Exception requires a @DataProvider named : urldata5">
      <![CDATA[org.testng.TestNGException: 
Method public void test.CarNbike.TestSuite.UrlTestBrokenlinks5.code(java.lang.String) throws java.lang.Exception requires a @DataProvider named : urldata5
at java.base/java.util.ArrayList.forEach(ArrayList.java:1540)
... Removed 24 stack frames]]>
    </failure>
  </testcase> <!-- code -->
  <testcase classname="test.CarNbike.TestSuite.UrlTestBrokenlinks6" name="code" time="72.982"/>
  <testcase classname="test.CarNbike.TestSuite.UrlTestBrokenlinks6" name="code" time="63.732"/>
  <testcase classname="test.CarNbike.TestSuite.UrlTestBrokenlinks6" name="code" time="101.032"/>
  <testcase classname="test.CarNbike.TestSuite.UrlTestBrokenlinks6" name="code" time="92.363"/>
</testsuite> <!-- UrlTest -->
