<?xml version="1.0" encoding="UTF-8"?>
<!-- Generated by org.testng.reporters.JUnitReportReporter -->
<testsuite hostname="DESKTOP-PRQ128L" failures="0" tests="11" name="test.CarNbike.TestSuite.StageBrokenLinksTest" time="3.562" errors="1" timestamp="2020-10-20T15:27:40 IST" skipped="10">
  <testcase classname="test.CarNbike.TestSuite.StageBrokenLinksTest" name="code" time="0.000">
    <skipped/>
  </testcase> <!-- code -->
  <system-out/>
  <testcase classname="test.CarNbike.TestSuite.StageBrokenLinksTest" name="code" time="0.000">
    <skipped/>
  </testcase> <!-- code -->
  <system-out/>
  <testcase classname="test.CarNbike.TestSuite.StageBrokenLinksTest" name="code" time="0.000">
    <skipped/>
  </testcase> <!-- code -->
  <system-out/>
  <testcase classname="test.CarNbike.TestSuite.StageBrokenLinksTest" name="code" time="0.000">
    <skipped/>
  </testcase> <!-- code -->
  <system-out/>
  <testcase classname="test.CarNbike.TestSuite.StageBrokenLinksTest" name="code" time="0.000">
    <skipped/>
  </testcase> <!-- code -->
  <system-out/>
  <testcase classname="test.CarNbike.TestSuite.StageBrokenLinksTest" name="code" time="0.000">
    <skipped/>
  </testcase> <!-- code -->
  <system-out/>
  <testcase classname="test.CarNbike.TestSuite.StageBrokenLinksTest" name="code" time="0.000">
    <skipped/>
  </testcase> <!-- code -->
  <system-out/>
  <testcase classname="test.CarNbike.TestSuite.StageBrokenLinksTest" name="code" time="0.000">
    <skipped/>
  </testcase> <!-- code -->
  <system-out/>
  <testcase classname="test.CarNbike.TestSuite.StageBrokenLinksTest" name="code" time="0.000">
    <skipped/>
  </testcase> <!-- code -->
  <system-out/>
  <testcase classname="test.CarNbike.TestSuite.StageBrokenLinksTest" name="code" time="0.000">
    <skipped/>
  </testcase> <!-- code -->
  <system-out/>
  <testcase classname="test.CarNbike.TestSuite.StageBrokenLinksTest" name="setup" time="3.562">
    <error message="session not created: This version of ChromeDriver only supports Chrome version 80
Build info: version: &#039;3.141.59&#039;, revision: &#039;e82be7d358&#039;, time: &#039;2018-11-14T08:25:53&#039;
System info: host: &#039;DESKTOP-PRQ128L&#039;, ip: &#039;192.168.56.1&#039;, os.name: &#039;Windows 10&#039;, os.arch: &#039;amd64&#039;, os.version: &#039;10.0&#039;, java.version: &#039;12&#039;
Driver info: driver.version: ChromeDriver
remote stacktrace: Backtrace:
	Ordinal0 [0x00320AE3+1706723]
	Ordinal0 [0x002868C1+1075393]
	Ordinal0 [0x001FDFA9+516009]
	Ordinal0 [0x00190554+66900]
	Ordinal0 [0x0018CCE2+52450]
	Ordinal0 [0x001ABFD7+180183]
	Ordinal0 [0x001ABDDD+179677]
	Ordinal0 [0x001A9D4B+171339]
	Ordinal0 [0x00191D4A+73034]
	Ordinal0 [0x00192DC0+77248]
	Ordinal0 [0x00192D59+77145]
	Ordinal0 [0x0029BB37+1162039]
	GetHandleVerifier [0x003BA7C6+508998]
	GetHandleVerifier [0x003BA504+508292]
	GetHandleVerifier [0x003CF617+594583]
	GetHandleVerifier [0x003BB036+511158]
	Ordinal0 [0x00293FFC+1130492]
	Ordinal0 [0x0029D49B+1168539]
	Ordinal0 [0x0029D603+1168899]
	Ordinal0 [0x002B5B05+1268485]
	BaseThreadInitThunk [0x777BFA29+25]
	RtlGetAppContainerNamedObjectPath [0x77B675F4+228]
	RtlGetAppContainerNamedObjectPath [0x77B675C4+180]
" type="org.openqa.selenium.SessionNotCreatedException">
      <![CDATA[org.openqa.selenium.SessionNotCreatedException: session not created: This version of ChromeDriver only supports Chrome version 80
Build info: version: '3.141.59', revision: 'e82be7d358', time: '2018-11-14T08:25:53'
System info: host: 'DESKTOP-PRQ128L', ip: '192.168.56.1', os.name: 'Windows 10', os.arch: 'amd64', os.version: '10.0', java.version: '12'
Driver info: driver.version: ChromeDriver
remote stacktrace: Backtrace:
Ordinal0 [0x00320AE3+1706723]
Ordinal0 [0x002868C1+1075393]
Ordinal0 [0x001FDFA9+516009]
Ordinal0 [0x00190554+66900]
Ordinal0 [0x0018CCE2+52450]
Ordinal0 [0x001ABFD7+180183]
Ordinal0 [0x001ABDDD+179677]
Ordinal0 [0x001A9D4B+171339]
Ordinal0 [0x00191D4A+73034]
Ordinal0 [0x00192DC0+77248]
Ordinal0 [0x00192D59+77145]
Ordinal0 [0x0029BB37+1162039]
GetHandleVerifier [0x003BA7C6+508998]
GetHandleVerifier [0x003BA504+508292]
GetHandleVerifier [0x003CF617+594583]
GetHandleVerifier [0x003BB036+511158]
Ordinal0 [0x00293FFC+1130492]
Ordinal0 [0x0029D49B+1168539]
Ordinal0 [0x0029D603+1168899]
Ordinal0 [0x002B5B05+1268485]
BaseThreadInitThunk [0x777BFA29+25]
RtlGetAppContainerNamedObjectPath [0x77B675F4+228]
RtlGetAppContainerNamedObjectPath [0x77B675C4+180]

at java.base/jdk.internal.reflect.NativeConstructorAccessorImpl.newInstance0(Native Method)
at java.base/jdk.internal.reflect.NativeConstructorAccessorImpl.newInstance(NativeConstructorAccessorImpl.java:62)
at java.base/jdk.internal.reflect.DelegatingConstructorAccessorImpl.newInstance(DelegatingConstructorAccessorImpl.java:45)
at java.base/java.lang.reflect.Constructor.newInstanceWithCaller(Constructor.java:500)
at java.base/java.lang.reflect.Constructor.newInstance(Constructor.java:481)
at org.openqa.selenium.remote.W3CHandshakeResponse.lambda$errorHandler$0(W3CHandshakeResponse.java:62)
at org.openqa.selenium.remote.HandshakeResponse.lambda$getResponseFunction$0(HandshakeResponse.java:30)
at org.openqa.selenium.remote.ProtocolHandshake.lambda$createSession$0(ProtocolHandshake.java:126)
at java.base/java.util.stream.ReferencePipeline$3$1.accept(ReferencePipeline.java:195)
at java.base/java.util.Spliterators$ArraySpliterator.tryAdvance(Spliterators.java:958)
at java.base/java.util.stream.ReferencePipeline.forEachWithCancel(ReferencePipeline.java:127)
at java.base/java.util.stream.AbstractPipeline.copyIntoWithCancel(AbstractPipeline.java:502)
at java.base/java.util.stream.AbstractPipeline.copyInto(AbstractPipeline.java:488)
at java.base/java.util.stream.AbstractPipeline.wrapAndCopyInto(AbstractPipeline.java:474)
at java.base/java.util.stream.FindOps$FindOp.evaluateSequential(FindOps.java:150)
at java.base/java.util.stream.AbstractPipeline.evaluate(AbstractPipeline.java:234)
at java.base/java.util.stream.ReferencePipeline.findFirst(ReferencePipeline.java:543)
at org.openqa.selenium.remote.ProtocolHandshake.createSession(ProtocolHandshake.java:128)
at org.openqa.selenium.remote.ProtocolHandshake.createSession(ProtocolHandshake.java:74)
at org.openqa.selenium.remote.HttpCommandExecutor.execute(HttpCommandExecutor.java:136)
at org.openqa.selenium.remote.service.DriverCommandExecutor.execute(DriverCommandExecutor.java:83)
at org.openqa.selenium.remote.RemoteWebDriver.execute(RemoteWebDriver.java:552)
at org.openqa.selenium.remote.RemoteWebDriver.startSession(RemoteWebDriver.java:213)
at org.openqa.selenium.remote.RemoteWebDriver.<init>(RemoteWebDriver.java:131)
at org.openqa.selenium.chrome.ChromeDriver.<init>(ChromeDriver.java:181)
at org.openqa.selenium.chrome.ChromeDriver.<init>(ChromeDriver.java:168)
at org.openqa.selenium.chrome.ChromeDriver.<init>(ChromeDriver.java:123)
at test.CarNbike.BaseClass.TestBase.LaunchBrowser(TestBase.java:47)
at test.CarNbike.TestSuite.StageBrokenLinksTest.setup(StageBrokenLinksTest.java:23)
at java.base/jdk.internal.reflect.NativeMethodAccessorImpl.invoke0(Native Method)
at java.base/jdk.internal.reflect.NativeMethodAccessorImpl.invoke(NativeMethodAccessorImpl.java:62)
at java.base/jdk.internal.reflect.DelegatingMethodAccessorImpl.invoke(DelegatingMethodAccessorImpl.java:43)
at java.base/java.lang.reflect.Method.invoke(Method.java:567)
at org.testng.internal.MethodInvocationHelper.invokeMethod(MethodInvocationHelper.java:135)
at org.testng.internal.MethodInvocationHelper.invokeMethodConsideringTimeout(MethodInvocationHelper.java:64)
at org.testng.internal.ConfigInvoker.invokeConfigurationMethod(ConfigInvoker.java:364)
at org.testng.internal.ConfigInvoker.invokeConfigurations(ConfigInvoker.java:318)
at org.testng.TestRunner.invokeTestConfigurations(TestRunner.java:620)
at org.testng.TestRunner.beforeRun(TestRunner.java:610)
at org.testng.TestRunner.run(TestRunner.java:581)
at org.testng.SuiteRunner.runTest(SuiteRunner.java:384)
at org.testng.SuiteRunner.runSequentially(SuiteRunner.java:378)
at org.testng.SuiteRunner.privateRun(SuiteRunner.java:337)
at org.testng.SuiteRunner.run(SuiteRunner.java:286)
at org.testng.SuiteRunnerWorker.runSuite(SuiteRunnerWorker.java:53)
at org.testng.SuiteRunnerWorker.run(SuiteRunnerWorker.java:96)
at org.testng.TestNG.runSuitesSequentially(TestNG.java:1214)
at org.testng.TestNG.runSuitesLocally(TestNG.java:1136)
at org.testng.TestNG.runSuites(TestNG.java:1066)
at org.testng.TestNG.run(TestNG.java:1034)
at org.testng.remote.AbstractRemoteTestNG.run(AbstractRemoteTestNG.java:115)
at org.testng.remote.RemoteTestNG.initAndRun(RemoteTestNG.java:251)
at org.testng.remote.RemoteTestNG.main(RemoteTestNG.java:77)
]]>
    </error>
  </testcase> <!-- setup -->
  <system-out/>
</testsuite> <!-- test.CarNbike.TestSuite.StageBrokenLinksTest -->
