<?xml version="1.0" encoding="UTF-8"?>
<!-- Generated by org.testng.reporters.JUnitReportReporter -->
<testsuite hostname="DESKTOP-PRQ128L" failures="0" tests="15" name="test.CarNbike.TestSuite.UrlTestBrokenlinks2" time="1323.060" errors="1" timestamp="2020-03-31T19:22:00 IST" skipped="0">
  <testcase classname="test.CarNbike.TestSuite.UrlTestBrokenlinks2" name="code" time="36.217"/>
  <testcase classname="test.CarNbike.TestSuite.UrlTestBrokenlinks2" name="code" time="116.357"/>
  <testcase classname="test.CarNbike.TestSuite.UrlTestBrokenlinks2" name="code" time="85.734"/>
  <testcase classname="test.CarNbike.TestSuite.UrlTestBrokenlinks2" name="code" time="83.327"/>
  <testcase classname="test.CarNbike.TestSuite.UrlTestBrokenlinks2" name="code" time="118.587"/>
  <testcase classname="test.CarNbike.TestSuite.UrlTestBrokenlinks2" name="code" time="66.517"/>
  <testcase classname="test.CarNbike.TestSuite.UrlTestBrokenlinks2" name="teardown" time="0.018">
    <error message="Session ID is null. Using WebDriver after calling quit()?
Build info: version: &#039;3.141.59&#039;, revision: &#039;e82be7d358&#039;, time: &#039;2018-11-14T08:25:53&#039;
System info: host: &#039;DESKTOP-PRQ128L&#039;, ip: &#039;192.168.0.7&#039;, os.name: &#039;Windows 10&#039;, os.arch: &#039;amd64&#039;, os.version: &#039;10.0&#039;, java.version: &#039;12&#039;
Driver info: driver.version: RemoteWebDriver" type="org.openqa.selenium.NoSuchSessionException">
      <![CDATA[org.openqa.selenium.NoSuchSessionException: Session ID is null. Using WebDriver after calling quit()?
Build info: version: '3.141.59', revision: 'e82be7d358', time: '2018-11-14T08:25:53'
System info: host: 'DESKTOP-PRQ128L', ip: '192.168.0.7', os.name: 'Windows 10', os.arch: 'amd64', os.version: '10.0', java.version: '12'
Driver info: driver.version: RemoteWebDriver
at org.openqa.selenium.remote.HttpCommandExecutor.execute(HttpCommandExecutor.java:125)
at org.openqa.selenium.remote.service.DriverCommandExecutor.execute(DriverCommandExecutor.java:83)
at org.openqa.selenium.remote.RemoteWebDriver.execute(RemoteWebDriver.java:552)
at org.openqa.selenium.remote.RemoteWebDriver.execute(RemoteWebDriver.java:609)
at org.openqa.selenium.remote.RemoteWebDriver.close(RemoteWebDriver.java:442)
at test.CarNbike.TestSuite.UrlTestBrokenlinks2.teardown(UrlTestBrokenlinks2.java:74)
at java.base/jdk.internal.reflect.NativeMethodAccessorImpl.invoke0(Native Method)
at java.base/jdk.internal.reflect.NativeMethodAccessorImpl.invoke(NativeMethodAccessorImpl.java:62)
at java.base/jdk.internal.reflect.DelegatingMethodAccessorImpl.invoke(DelegatingMethodAccessorImpl.java:43)
at java.base/java.lang.reflect.Method.invoke(Method.java:567)
at org.testng.internal.MethodInvocationHelper.invokeMethod(MethodInvocationHelper.java:133)
at org.testng.internal.MethodInvocationHelper.invokeMethodConsideringTimeout(MethodInvocationHelper.java:62)
at org.testng.internal.ConfigInvoker.invokeConfigurationMethod(ConfigInvoker.java:340)
at org.testng.internal.ConfigInvoker.invokeConfigurations(ConfigInvoker.java:294)
at org.testng.TestRunner.invokeTestConfigurations(TestRunner.java:623)
at org.testng.TestRunner.afterRun(TestRunner.java:853)
at org.testng.TestRunner.run(TestRunner.java:594)
at org.testng.SuiteRunner.runTest(SuiteRunner.java:402)
at org.testng.SuiteRunner.runSequentially(SuiteRunner.java:396)
at org.testng.SuiteRunner.privateRun(SuiteRunner.java:355)
at org.testng.SuiteRunner.run(SuiteRunner.java:304)
at org.testng.SuiteRunnerWorker.runSuite(SuiteRunnerWorker.java:53)
at org.testng.SuiteRunnerWorker.run(SuiteRunnerWorker.java:96)
at org.testng.TestNG.runSuitesSequentially(TestNG.java:1180)
at org.testng.TestNG.runSuitesLocally(TestNG.java:1102)
at org.testng.TestNG.runSuites(TestNG.java:1032)
at org.testng.TestNG.run(TestNG.java:1000)
at org.testng.remote.AbstractRemoteTestNG.run(AbstractRemoteTestNG.java:115)
at org.testng.remote.RemoteTestNG.initAndRun(RemoteTestNG.java:251)
at org.testng.remote.RemoteTestNG.main(RemoteTestNG.java:77)
]]>
    </error>
  </testcase> <!-- teardown -->
  <testcase classname="test.CarNbike.TestSuite.UrlTestBrokenlinks2" name="code" time="90.022"/>
  <testcase classname="test.CarNbike.TestSuite.UrlTestBrokenlinks2" name="code" time="87.297"/>
  <testcase classname="test.CarNbike.TestSuite.UrlTestBrokenlinks2" name="code" time="119.987"/>
  <testcase classname="test.CarNbike.TestSuite.UrlTestBrokenlinks2" name="code" time="68.801"/>
  <testcase classname="test.CarNbike.TestSuite.UrlTestBrokenlinks2" name="code" time="106.297"/>
  <testcase classname="test.CarNbike.TestSuite.UrlTestBrokenlinks2" name="code" time="156.605"/>
  <testcase classname="test.CarNbike.TestSuite.UrlTestBrokenlinks2" name="code" time="92.373"/>
  <testcase classname="test.CarNbike.TestSuite.UrlTestBrokenlinks2" name="code" time="94.921"/>
</testsuite> <!-- test.CarNbike.TestSuite.UrlTestBrokenlinks2 -->
